<?xml version="1.0" encoding="UTF-8" standalone="no"?>
<testsuite failures="1" name="cucumber.runtime.formatter.JUnitFormatter" skipped="0" tests="1" time="0">
<testcase classname="Free CRM Login Feature" name="Free CRM Login Scenario" time="0">
<failure message="The scenario has pending or undefined step(s)"><![CDATA[Given User is already on login Page.........................................undefined
When Title of page is Free CRM..............................................undefined
Then user enters username and password......................................undefined
Then user clicks on login button............................................undefined
Then user is on homepage....................................................undefined
]]></failure>
</testcase>
</testsuite>
